<?xml version="1.0" encoding="UTF-8"?>
<testsuite xmlns:xsi="http://www.w3.org/2001/XMLSchema-instance" xsi:noNamespaceSchemaLocation="https://maven.apache.org/surefire/maven-surefire-plugin/xsd/surefire-test-report.xsd" name="org.example.TestCheckingInfixExpression" time="0.453" tests="8" errors="0" skipped="0" failures="0">
  <properties>
[...]
</properties>
  <testcase name="checkingIncorrectSymbolsTest{String}[1]" classname="org.example.TestCheckingInfixExpression" time="0.141"/>
  <testcase name="checkingIncorrectSymbolsTest{String}[2]" classname="org.example.TestCheckingInfixExpression" time="0"/>
  <testcase name="checkingIncorrectSymbolsTest{String}[3]" classname="org.example.TestCheckingInfixExpression" time="0"/>
  <testcase name="checkingIncorrectSymbolsTest{String}[4]" classname="org.example.TestCheckingInfixExpression" time="0.016"/>
  <testcase name="checkingIncorrectSymbolsTest{String}[5]" classname="org.example.TestCheckingInfixExpression" time="0.015"/>
  <testcase name="checkingIncorrectSymbolsTest{String}[6]" classname="org.example.TestCheckingInfixExpression" time="0"/>
  <testcase name="checkingIncorrectSymbolsTest{String}[7]" classname="org.example.TestCheckingInfixExpression" time="0.016"/>
  <testcase name="checkingIncorrectSymbolsTest{String}[8]" classname="org.example.TestCheckingInfixExpression" time="0"/>
</testsuite>